21:24:26.261 [main] INFO  testCases.TC_001_AccountRegistrationTest - **** Starting TC_001_AccountRegistrationTest ****
21:24:26.391 [main] INFO  testCases.TC_001_AccountRegistrationTest - Clicked on MyAccount Link
21:24:26.860 [main] INFO  testCases.TC_001_AccountRegistrationTest - Clicked on Register Link
21:24:26.862 [main] INFO  testCases.TC_001_AccountRegistrationTest - Providing Customer Details....
21:24:27.440 [main] INFO  testCases.TC_001_AccountRegistrationTest - Validating excepted message....
21:24:27.904 [main] INFO  testCases.TC_001_AccountRegistrationTest - **** Finished TC_001_AccountRegistrationTest ****
21:29:26.265 [main] INFO  testCases.TC_001_AccountRegistrationTest - **** Starting TC_001_AccountRegistrationTest ****
21:29:26.406 [main] INFO  testCases.TC_001_AccountRegistrationTest - Clicked on MyAccount Link
21:29:26.879 [main] INFO  testCases.TC_001_AccountRegistrationTest - Clicked on Register Link
21:29:26.882 [main] INFO  testCases.TC_001_AccountRegistrationTest - Providing Customer Details....
21:29:27.371 [main] INFO  testCases.TC_001_AccountRegistrationTest - Validating excepted message....
21:30:37.772 [main] INFO  testCases.TC_001_AccountRegistrationTest - **** Starting TC_001_AccountRegistrationTest ****
21:30:37.929 [main] INFO  testCases.TC_001_AccountRegistrationTest - Clicked on MyAccount Link
21:30:38.404 [main] INFO  testCases.TC_001_AccountRegistrationTest - Clicked on Register Link
21:30:38.406 [main] INFO  testCases.TC_001_AccountRegistrationTest - Providing Customer Details....
21:30:38.961 [main] INFO  testCases.TC_001_AccountRegistrationTest - Validating excepted message....
21:33:22.821 [main] INFO  testCases.TC_001_AccountRegistrationTest - **** Starting TC_001_AccountRegistrationTest ****
21:33:22.961 [main] INFO  testCases.TC_001_AccountRegistrationTest - Clicked on MyAccount Link
21:33:23.462 [main] INFO  testCases.TC_001_AccountRegistrationTest - Clicked on Register Link
21:33:23.465 [main] INFO  testCases.TC_001_AccountRegistrationTest - Providing Customer Details....
21:33:23.931 [main] INFO  testCases.TC_001_AccountRegistrationTest - Validating excepted message....
21:33:24.406 [main] ERROR testCases.TC_001_AccountRegistrationTest - Test Failed....
21:33:24.407 [main] DEBUG testCases.TC_001_AccountRegistrationTest - Debug logs....
21:34:52.667 [main] INFO  testCases.TC_001_AccountRegistrationTest - **** Starting TC_001_AccountRegistrationTest ****
21:34:52.815 [main] INFO  testCases.TC_001_AccountRegistrationTest - Clicked on MyAccount Link
21:34:53.343 [main] INFO  testCases.TC_001_AccountRegistrationTest - Clicked on Register Link
21:34:53.346 [main] INFO  testCases.TC_001_AccountRegistrationTest - Providing Customer Details....
21:34:53.854 [main] INFO  testCases.TC_001_AccountRegistrationTest - Validating excepted message....
21:34:54.382 [main] ERROR testCases.TC_001_AccountRegistrationTest - Test Failed....
21:34:54.382 [main] DEBUG testCases.TC_001_AccountRegistrationTest - Debug logs....
21:36:39.340 [main] INFO  testCases.TC_001_AccountRegistrationTest - **** Starting TC_001_AccountRegistrationTest ****
21:36:39.485 [main] INFO  testCases.TC_001_AccountRegistrationTest - Clicked on MyAccount Link
21:36:39.947 [main] INFO  testCases.TC_001_AccountRegistrationTest - Clicked on Register Link
21:36:39.949 [main] INFO  testCases.TC_001_AccountRegistrationTest - Providing Customer Details....
21:36:40.558 [main] INFO  testCases.TC_001_AccountRegistrationTest - Validating excepted message....
21:36:41.034 [main] INFO  testCases.TC_001_AccountRegistrationTest - **** Finished TC_001_AccountRegistrationTest ****
14:37:24.112 [main] INFO  testCases.TC_001_AccountRegistrationTest - **** Starting TC_001_AccountRegistrationTest ****
14:37:24.260 [main] INFO  testCases.TC_001_AccountRegistrationTest - Clicked on MyAccount Link
14:37:24.839 [main] INFO  testCases.TC_001_AccountRegistrationTest - Clicked on Register Link
14:37:24.842 [main] INFO  testCases.TC_001_AccountRegistrationTest - Providing Customer Details....
14:37:25.440 [main] INFO  testCases.TC_001_AccountRegistrationTest - Validating excepted message....
14:37:25.943 [main] INFO  testCases.TC_001_AccountRegistrationTest - **** Finished TC_001_AccountRegistrationTest ****
14:38:29.500 [main] INFO  testCases.TC_001_AccountRegistrationTest - **** Starting TC_001_AccountRegistrationTest ****
14:38:29.671 [main] INFO  testCases.TC_001_AccountRegistrationTest - Clicked on MyAccount Link
14:38:30.193 [main] INFO  testCases.TC_001_AccountRegistrationTest - Clicked on Register Link
14:38:30.195 [main] INFO  testCases.TC_001_AccountRegistrationTest - Providing Customer Details....
14:38:30.772 [main] INFO  testCases.TC_001_AccountRegistrationTest - Validating excepted message....
14:38:31.358 [main] INFO  testCases.TC_001_AccountRegistrationTest - **** Finished TC_001_AccountRegistrationTest ****
14:42:47.596 [main] INFO  testCases.TC_001_AccountRegistrationTest - **** Starting TC_001_AccountRegistrationTest ****
