15:02:57.131 [TestNG-tests-1] INFO  testCases.TC_001_AccountRegistrationTest - Providing Customer Details....
15:02:57.669 [TestNG-tests-2] INFO  testCases.TC_001_AccountRegistrationTest - **** Starting TC_001_AccountRegistrationTest ****
15:02:58.550 [TestNG-tests-2] INFO  testCases.TC_001_AccountRegistrationTest - Clicked on MyAccount Link
15:02:58.782 [TestNG-tests-1] INFO  testCases.TC_001_AccountRegistrationTest - Validating excepted message....
15:02:59.402 [TestNG-tests-2] INFO  testCases.TC_001_AccountRegistrationTest - Clicked on Register Link
15:02:59.402 [TestNG-tests-2] INFO  testCases.TC_001_AccountRegistrationTest - Providing Customer Details....
15:03:00.149 [TestNG-tests-1] INFO  testCases.TC_001_AccountRegistrationTest - **** Finished TC_001_AccountRegistrationTest ****
15:03:00.869 [TestNG-tests-3] INFO  testCases.TC_001_AccountRegistrationTest - **** Starting TC_001_AccountRegistrationTest ****
15:03:01.084 [TestNG-tests-2] INFO  testCases.TC_001_AccountRegistrationTest - Validating excepted message....
15:03:01.468 [TestNG-tests-3] INFO  testCases.TC_001_AccountRegistrationTest - Clicked on MyAccount Link
15:03:02.050 [TestNG-tests-2] INFO  testCases.TC_001_AccountRegistrationTest - **** Finished TC_001_AccountRegistrationTest ****
15:03:02.328 [TestNG-tests-3] INFO  testCases.TC_001_AccountRegistrationTest - Clicked on Register Link
15:03:02.329 [TestNG-tests-3] INFO  testCases.TC_001_AccountRegistrationTest - Providing Customer Details....
15:03:02.873 [TestNG-tests-3] INFO  testCases.TC_001_AccountRegistrationTest - Validating excepted message....
15:03:03.416 [TestNG-tests-3] INFO  testCases.TC_001_AccountRegistrationTest - **** Finished TC_001_AccountRegistrationTest ****
15:04:15.468 [TestNG-tests-1] INFO  testCases.TC_001_AccountRegistrationTest - **** Starting TC_001_AccountRegistrationTest ****
15:04:15.851 [TestNG-tests-1] INFO  testCases.TC_001_AccountRegistrationTest - Clicked on MyAccount Link
15:04:16.733 [TestNG-tests-1] INFO  testCases.TC_001_AccountRegistrationTest - Clicked on Register Link
15:04:16.736 [TestNG-tests-1] INFO  testCases.TC_001_AccountRegistrationTest - Providing Customer Details....
15:04:18.142 [TestNG-tests-2] INFO  testCases.TC_001_AccountRegistrationTest - **** Starting TC_001_AccountRegistrationTest ****
15:04:18.776 [TestNG-tests-2] INFO  testCases.TC_001_AccountRegistrationTest - Clicked on MyAccount Link
15:04:18.860 [TestNG-tests-1] INFO  testCases.TC_001_AccountRegistrationTest - Validating excepted message....
15:04:19.753 [TestNG-tests-1] INFO  testCases.TC_001_AccountRegistrationTest - **** Finished TC_001_AccountRegistrationTest ****
15:04:20.180 [TestNG-tests-2] INFO  testCases.TC_001_AccountRegistrationTest - Clicked on Register Link
15:04:20.181 [TestNG-tests-2] INFO  testCases.TC_001_AccountRegistrationTest - Providing Customer Details....
15:04:21.211 [TestNG-tests-3] INFO  testCases.TC_001_AccountRegistrationTest - **** Starting TC_001_AccountRegistrationTest ****
15:04:21.657 [TestNG-tests-3] INFO  testCases.TC_001_AccountRegistrationTest - Clicked on MyAccount Link
15:04:21.669 [TestNG-tests-2] INFO  testCases.TC_001_AccountRegistrationTest - Validating excepted message....
15:04:22.486 [TestNG-tests-2] INFO  testCases.TC_001_AccountRegistrationTest - **** Finished TC_001_AccountRegistrationTest ****
15:04:22.568 [TestNG-tests-3] INFO  testCases.TC_001_AccountRegistrationTest - Clicked on Register Link
15:04:22.570 [TestNG-tests-3] INFO  testCases.TC_001_AccountRegistrationTest - Providing Customer Details....
15:04:23.106 [TestNG-tests-3] INFO  testCases.TC_001_AccountRegistrationTest - Validating excepted message....
15:04:23.631 [TestNG-tests-3] INFO  testCases.TC_001_AccountRegistrationTest - **** Finished TC_001_AccountRegistrationTest ****
15:05:17.732 [main] INFO  testCases.TC_001_AccountRegistrationTest - **** Starting TC_001_AccountRegistrationTest ****
15:05:17.895 [main] INFO  testCases.TC_001_AccountRegistrationTest - Clicked on MyAccount Link
15:05:18.455 [main] INFO  testCases.TC_001_AccountRegistrationTest - Clicked on Register Link
15:05:18.458 [main] INFO  testCases.TC_001_AccountRegistrationTest - Providing Customer Details....
15:05:19.075 [main] INFO  testCases.TC_001_AccountRegistrationTest - Validating excepted message....
15:05:19.643 [main] INFO  testCases.TC_001_AccountRegistrationTest - **** Finished TC_001_AccountRegistrationTest ****
15:06:22.747 [main] INFO  testCases.TC_001_AccountRegistrationTest - **** Starting TC_001_AccountRegistrationTest ****
15:06:22.881 [main] INFO  testCases.TC_001_AccountRegistrationTest - Clicked on MyAccount Link
15:06:23.421 [main] INFO  testCases.TC_001_AccountRegistrationTest - Clicked on Register Link
15:06:23.423 [main] INFO  testCases.TC_001_AccountRegistrationTest - Providing Customer Details....
15:06:23.974 [main] INFO  testCases.TC_001_AccountRegistrationTest - Validating excepted message....
15:06:24.440 [main] INFO  testCases.TC_001_AccountRegistrationTest - **** Finished TC_001_AccountRegistrationTest ****
