14:39:51.271 [TestNG-tests-1] INFO  testCases.TC_001_AccountRegistrationTest - Clicked on MyAccount Link
14:39:51.680 [TestNG-tests-1] INFO  testCases.TC_001_AccountRegistrationTest - Clicked on Register Link
14:39:51.681 [TestNG-tests-1] INFO  testCases.TC_001_AccountRegistrationTest - Providing Customer Details....
14:39:52.297 [TestNG-tests-1] INFO  testCases.TC_001_AccountRegistrationTest - Validating excepted message....
14:39:52.830 [TestNG-tests-1] INFO  testCases.TC_001_AccountRegistrationTest - **** Finished TC_001_AccountRegistrationTest ****
14:41:31.391 [TestNG-tests-1] INFO  testCases.TC_001_AccountRegistrationTest - **** Starting TC_001_AccountRegistrationTest ****
14:41:32.417 [TestNG-tests-1] INFO  testCases.TC_001_AccountRegistrationTest - Clicked on MyAccount Link
14:41:33.401 [TestNG-tests-2] INFO  testCases.TC_001_AccountRegistrationTest - **** Starting TC_001_AccountRegistrationTest ****
14:41:33.452 [TestNG-tests-1] INFO  testCases.TC_001_AccountRegistrationTest - Clicked on Register Link
14:41:33.484 [TestNG-tests-1] INFO  testCases.TC_001_AccountRegistrationTest - Providing Customer Details....
14:41:34.133 [TestNG-tests-2] INFO  testCases.TC_001_AccountRegistrationTest - Clicked on MyAccount Link
14:41:35.438 [TestNG-tests-2] INFO  testCases.TC_001_AccountRegistrationTest - Clicked on Register Link
14:41:35.439 [TestNG-tests-2] INFO  testCases.TC_001_AccountRegistrationTest - Providing Customer Details....
14:41:35.846 [TestNG-tests-1] INFO  testCases.TC_001_AccountRegistrationTest - Validating excepted message....
14:41:36.695 [TestNG-tests-2] INFO  testCases.TC_001_AccountRegistrationTest - Validating excepted message....
14:41:36.901 [TestNG-tests-1] INFO  testCases.TC_001_AccountRegistrationTest - **** Finished TC_001_AccountRegistrationTest ****
14:41:37.815 [TestNG-tests-2] INFO  testCases.TC_001_AccountRegistrationTest - **** Finished TC_001_AccountRegistrationTest ****
14:41:38.577 [TestNG-tests-3] INFO  testCases.TC_001_AccountRegistrationTest - **** Starting TC_001_AccountRegistrationTest ****
14:41:39.121 [TestNG-tests-3] INFO  testCases.TC_001_AccountRegistrationTest - Clicked on MyAccount Link
14:41:40.035 [TestNG-tests-3] INFO  testCases.TC_001_AccountRegistrationTest - Clicked on Register Link
14:41:40.035 [TestNG-tests-3] INFO  testCases.TC_001_AccountRegistrationTest - Providing Customer Details....
14:41:40.886 [TestNG-tests-3] INFO  testCases.TC_001_AccountRegistrationTest - Validating excepted message....
14:41:41.663 [TestNG-tests-3] INFO  testCases.TC_001_AccountRegistrationTest - **** Finished TC_001_AccountRegistrationTest ****
14:49:31.355 [TestNG-tests-1] INFO  testCases.TC_001_AccountRegistrationTest - **** Starting TC_001_AccountRegistrationTest ****
14:49:31.876 [TestNG-tests-1] INFO  testCases.TC_001_AccountRegistrationTest - Clicked on MyAccount Link
14:49:32.717 [TestNG-tests-1] INFO  testCases.TC_001_AccountRegistrationTest - Clicked on Register Link
14:49:32.722 [TestNG-tests-1] INFO  testCases.TC_001_AccountRegistrationTest - Providing Customer Details....
14:49:34.409 [TestNG-tests-2] INFO  testCases.TC_001_AccountRegistrationTest - **** Starting TC_001_AccountRegistrationTest ****
14:49:34.570 [TestNG-tests-1] INFO  testCases.TC_001_AccountRegistrationTest - Validating excepted message....
14:49:34.927 [TestNG-tests-2] INFO  testCases.TC_001_AccountRegistrationTest - Clicked on MyAccount Link
14:49:35.503 [TestNG-tests-1] INFO  testCases.TC_001_AccountRegistrationTest - **** Finished TC_001_AccountRegistrationTest ****
14:49:35.819 [TestNG-tests-2] INFO  testCases.TC_001_AccountRegistrationTest - Clicked on Register Link
14:49:35.821 [TestNG-tests-2] INFO  testCases.TC_001_AccountRegistrationTest - Providing Customer Details....
14:49:37.411 [TestNG-tests-2] INFO  testCases.TC_001_AccountRegistrationTest - Validating excepted message....
14:49:37.741 [TestNG-tests-3] INFO  testCases.TC_001_AccountRegistrationTest - **** Starting TC_001_AccountRegistrationTest ****
14:49:38.195 [TestNG-tests-3] INFO  testCases.TC_001_AccountRegistrationTest - Clicked on MyAccount Link
14:49:38.264 [TestNG-tests-2] INFO  testCases.TC_001_AccountRegistrationTest - **** Finished TC_001_AccountRegistrationTest ****
14:49:38.847 [TestNG-tests-3] INFO  testCases.TC_001_AccountRegistrationTest - Clicked on Register Link
14:49:38.847 [TestNG-tests-3] INFO  testCases.TC_001_AccountRegistrationTest - Providing Customer Details....
14:49:39.340 [TestNG-tests-3] INFO  testCases.TC_001_AccountRegistrationTest - Validating excepted message....
14:49:39.880 [TestNG-tests-3] INFO  testCases.TC_001_AccountRegistrationTest - **** Finished TC_001_AccountRegistrationTest ****
15:02:55.210 [TestNG-tests-1] INFO  testCases.TC_001_AccountRegistrationTest - **** Starting TC_001_AccountRegistrationTest ****
15:02:55.868 [TestNG-tests-1] INFO  testCases.TC_001_AccountRegistrationTest - Clicked on MyAccount Link
15:02:57.125 [TestNG-tests-1] INFO  testCases.TC_001_AccountRegistrationTest - Clicked on Register Link
